
--- REPORT TO SUPERCHIEF: Inspectors (uncertain/rejected) ---
Market (fail): Automated meeting summary generator that converts audio/video calls into concise, shareable action points – The market for automated meeting summary tools is highly saturated with established players like Otter.ai, Fireflies.ai, and AI integrations from major platforms such as Microsoft Teams and Zoom. New entrants face significant barriers unless offering significantly differentiated features.
Market (fail): Basic website accessibility checker with clear, actionable reports for improving compliance – The market for website accessibility checkers is highly saturated with well-established tools like Axe, WAVE, and Siteimprove offering comprehensive reports and actionable insights.
Market (fail): Visual brand kit builder for startups to create and store logos, color palettes, and fonts in one place – Market is saturated with established tools like Canva, Looka, and Adobe Creative Cloud offering integrated brand kit builders, making entry difficult for new players.
--- End report ---


--- REPORT TO SUPERCHIEF: FAIL (not deployed) ---
app_1772781639916_2442: quality_tester: HTML snippet is incomplete/truncated, section 'tool' is cut off, affecting usability and trustworthiness.
--- End report ---


--- MARKET INSPECTOR: PASS ---
"SaaS för automatiserad social media content" → Heuristic market check suggests non-saturated niche with some opportunity.
--- End ---


--- MONEY INSPECTOR: PASS ---
"SaaS för automatiserad social media content" → Idea contains clear hints of a monetizable SaaS/revenue model.
--- End ---


--- LEGAL INSPECTOR: PASS ---
"SaaS för automatiserad social media content" → No obvious high-risk legal/ethical issues detected.
--- End ---


--- MARKET INSPECTOR: UNCERTAIN ---
"App för virtuella husdjur med AI" → No strong signals of either saturation or clear opportunity.
--- End ---


--- MARKET INSPECTOR: UNCERTAIN ---
"Webbplats som jämför matpriser i realtid" → No strong signals of either saturation or clear opportunity.
--- End ---


--- REPORT TO SUPERCHIEF: Inspectors (uncertain/rejected) ---
Market (uncertain): App för virtuella husdjur med AI – No strong signals of either saturation or clear opportunity.
Market (uncertain): Webbplats som jämför matpriser i realtid – No strong signals of either saturation or clear opportunity.
--- End report ---


--- QUALITY INSPECTOR: PASS ---
Artifact looks like a complete, structured page with headings and CTA – passes heuristic quality bar.
--- End ---


--- FULL PRODUCT PIPELINE: Start ---
Pipeline started at 2026-03-06T11:49:51.411Z
--- End ---


--- FULL PRODUCT PIPELINE: Build ---
Created apps: app_1772797791418_2864, app_1772797791427_2387, app_1772797791436_3994
Marketing + payment files written per product.
--- End ---


--- QUALITY INSPECTOR: PASS ---
Artifact looks like a complete, structured page with headings and CTA – passes heuristic quality bar.
--- End ---


--- QUALITY INSPECTOR: PASS ---
Artifact looks like a complete, structured page with headings and CTA – passes heuristic quality bar.
--- End ---


--- QUALITY INSPECTOR: PASS ---
Artifact looks like a complete, structured page with headings and CTA – passes heuristic quality bar.
--- End ---


--- FULL PRODUCT PIPELINE: Confirmation ---

========== FULL PRODUCT PIPELINE – KLAR ==========
Tid: 2026-03-06T11:49:51.492Z
Byggda appar: 3
PASS (deployade): 3
FAIL/rapporterade: 0

Skapade filer (per produkt):
  - apps/<appId>/marketing/google_ads.txt, tiktok.txt, youtube.txt, linkedin.txt, pinterest.txt, product_hunt.txt
  - apps/<appId>/payment_config.json
  - apps/<appId>/PAYMENT_README.txt
  - deploy/<appId>/marketing/*.txt (samma kanaler)

Var API-nycklar sätts (senare, per produkt):
  - apps/<appId>/payment_config.json: sätt Stripe (secret_key, publishable_key), PayPal (client_id, client_secret), Apple Pay (merchant_id), Google Pay (merchant_id).
  - En rad per provider räcker; aktivera betalning per produkt individuellt.
  - Marknadsföring: använd innehållet i apps/<appId>/marketing/*.txt i respektive kanal (Google Ads, TikTok, YouTube, LinkedIn, Pinterest, Product Hunt).

Modulen är redo för live produktion – koppla credentials och kanaler när du vill.
========== SLUT ==========

--- End ---


--- FULL PRODUCT PIPELINE: Start ---
Pipeline started at 2026-03-06T11:51:54.462Z
--- End ---


--- FULL PRODUCT PIPELINE: Build ---
Created apps: app_1772797914469_8337, app_1772797914479_4464, app_1772797914486_4567
Marketing + payment files written per product.
--- End ---


--- QUALITY INSPECTOR: PASS ---
Artifact looks like a complete, structured page with headings and CTA – passes heuristic quality bar.
--- End ---


--- QUALITY INSPECTOR: PASS ---
Artifact looks like a complete, structured page with headings and CTA – passes heuristic quality bar.
--- End ---


--- QUALITY INSPECTOR: PASS ---
Artifact looks like a complete, structured page with headings and CTA – passes heuristic quality bar.
--- End ---


--- FULL PRODUCT PIPELINE: Confirmation ---
EXEMPLAR PRODUKTER KLARA
apps/app_1772797914469_8337/idea.txt
apps/app_1772797914469_8337/app.html
apps/app_1772797914469_8337/marketing.txt
apps/app_1772797914469_8337/marketing/google_ads.txt
apps/app_1772797914469_8337/marketing/tiktok.txt
apps/app_1772797914469_8337/marketing/youtube.txt
apps/app_1772797914469_8337/marketing/linkedin.txt
apps/app_1772797914469_8337/marketing/pinterest.txt
apps/app_1772797914469_8337/marketing/product_hunt.txt
apps/app_1772797914469_8337/payment_config.json
apps/app_1772797914469_8337/PAYMENT_README.txt
deploy/app_1772797914469_8337/index.html
deploy/app_1772797914469_8337/app.html
deploy/app_1772797914469_8337/marketing/google_ads.txt
deploy/app_1772797914469_8337/marketing/tiktok.txt
deploy/app_1772797914469_8337/marketing/youtube.txt
deploy/app_1772797914469_8337/marketing/linkedin.txt
deploy/app_1772797914469_8337/marketing/pinterest.txt
deploy/app_1772797914469_8337/marketing/product_hunt.txt
apps/app_1772797914479_4464/idea.txt
apps/app_1772797914479_4464/app.html
apps/app_1772797914479_4464/marketing.txt
apps/app_1772797914479_4464/marketing/google_ads.txt
apps/app_1772797914479_4464/marketing/tiktok.txt
apps/app_1772797914479_4464/marketing/youtube.txt
apps/app_1772797914479_4464/marketing/linkedin.txt
apps/app_1772797914479_4464/marketing/pinterest.txt
apps/app_1772797914479_4464/marketing/product_hunt.txt
apps/app_1772797914479_4464/payment_config.json
apps/app_1772797914479_4464/PAYMENT_README.txt
deploy/app_1772797914479_4464/index.html
deploy/app_1772797914479_4464/app.html
deploy/app_1772797914479_4464/marketing/google_ads.txt
deploy/app_1772797914479_4464/marketing/tiktok.txt
deploy/app_1772797914479_4464/marketing/youtube.txt
deploy/app_1772797914479_4464/marketing/linkedin.txt
deploy/app_1772797914479_4464/marketing/pinterest.txt
deploy/app_1772797914479_4464/marketing/product_hunt.txt
apps/app_1772797914486_4567/idea.txt
apps/app_1772797914486_4567/app.html
apps/app_1772797914486_4567/marketing.txt
apps/app_1772797914486_4567/marketing/google_ads.txt
apps/app_1772797914486_4567/marketing/tiktok.txt
apps/app_1772797914486_4567/marketing/youtube.txt
apps/app_1772797914486_4567/marketing/linkedin.txt
apps/app_1772797914486_4567/marketing/pinterest.txt
apps/app_1772797914486_4567/marketing/product_hunt.txt
apps/app_1772797914486_4567/payment_config.json
apps/app_1772797914486_4567/PAYMENT_README.txt
deploy/app_1772797914486_4567/index.html
deploy/app_1772797914486_4567/app.html
deploy/app_1772797914486_4567/marketing/google_ads.txt
deploy/app_1772797914486_4567/marketing/tiktok.txt
deploy/app_1772797914486_4567/marketing/youtube.txt
deploy/app_1772797914486_4567/marketing/linkedin.txt
deploy/app_1772797914486_4567/marketing/pinterest.txt
deploy/app_1772797914486_4567/marketing/product_hunt.txt
deploy/index.html
Var API-nycklar: apps/<appId>/payment_config.json
--- End ---


--- FULL PRODUCT PIPELINE: Start ---
Pipeline started at 2026-03-06T21:17:05.077Z
--- End ---


--- FULL PRODUCT PIPELINE: Build ---
Created apps: app_1772831825079_2766
Marketing + payment files written per product.
--- End ---


--- QUALITY INSPECTOR: PASS ---
Artifact looks like a complete, structured page with headings and CTA – passes heuristic quality bar.
--- End ---


--- FULL PRODUCT PIPELINE: Confirmation ---
EXEMPLAR PRODUKTER KLARA
apps/app_1772831825079_2766/idea.txt
apps/app_1772831825079_2766/app.html
apps/app_1772831825079_2766/marketing.txt
apps/app_1772831825079_2766/marketing/google_ads.txt
apps/app_1772831825079_2766/marketing/tiktok.txt
apps/app_1772831825079_2766/marketing/youtube.txt
apps/app_1772831825079_2766/marketing/linkedin.txt
apps/app_1772831825079_2766/marketing/pinterest.txt
apps/app_1772831825079_2766/marketing/product_hunt.txt
apps/app_1772831825079_2766/payment_config.json
apps/app_1772831825079_2766/PAYMENT_README.txt
deploy/app_1772831825079_2766/index.html
deploy/app_1772831825079_2766/app.html
deploy/app_1772831825079_2766/marketing/google_ads.txt
deploy/app_1772831825079_2766/marketing/tiktok.txt
deploy/app_1772831825079_2766/marketing/youtube.txt
deploy/app_1772831825079_2766/marketing/linkedin.txt
deploy/app_1772831825079_2766/marketing/pinterest.txt
deploy/app_1772831825079_2766/marketing/product_hunt.txt
deploy/index.html
Var API-nycklar: apps/<appId>/payment_config.json
--- End ---


--- FULL PRODUCT PIPELINE: Start ---
Pipeline started at 2026-03-06T21:48:05.665Z
--- End ---


--- FULL PRODUCT PIPELINE: Build ---
Created apps: app_1772833685668_6583
Marketing + payment files written per product.
--- End ---


--- QUALITY INSPECTOR: PASS ---
Artifact looks like a complete, structured page with headings and CTA – passes heuristic quality bar.
--- End ---


--- FULL PRODUCT PIPELINE: Confirmation ---
EXEMPLAR PRODUKTER KLARA
apps/app_1772833685668_6583/idea.txt
apps/app_1772833685668_6583/app.html
apps/app_1772833685668_6583/marketing.txt
apps/app_1772833685668_6583/marketing/google_ads.txt
apps/app_1772833685668_6583/marketing/tiktok.txt
apps/app_1772833685668_6583/marketing/youtube.txt
apps/app_1772833685668_6583/marketing/linkedin.txt
apps/app_1772833685668_6583/marketing/pinterest.txt
apps/app_1772833685668_6583/marketing/product_hunt.txt
apps/app_1772833685668_6583/payment_config.json
apps/app_1772833685668_6583/PAYMENT_README.txt
deploy/app_1772833685668_6583/index.html
deploy/app_1772833685668_6583/app.html
deploy/app_1772833685668_6583/marketing/google_ads.txt
deploy/app_1772833685668_6583/marketing/tiktok.txt
deploy/app_1772833685668_6583/marketing/youtube.txt
deploy/app_1772833685668_6583/marketing/linkedin.txt
deploy/app_1772833685668_6583/marketing/pinterest.txt
deploy/app_1772833685668_6583/marketing/product_hunt.txt
deploy/index.html
Var API-nycklar: apps/<appId>/payment_config.json
--- End ---


--- QUALITY INSPECTOR: PASS ---
Artifact looks like a complete, structured page with headings and CTA – passes heuristic quality bar.
--- End ---


--- FULL PRODUCT PIPELINE: Start ---
Pipeline started at 2026-03-07T10:56:18.703Z
--- End ---


--- FULL PRODUCT PIPELINE: Build ---
Created apps: app_1772880978711_4909
Marketing + payment files written per product.
--- End ---


--- QUALITY INSPECTOR: PASS ---
Artifact looks like a complete, structured page with headings and CTA – passes heuristic quality bar.
--- End ---


--- FULL PRODUCT PIPELINE: Confirmation ---
EXEMPLAR PRODUKTER KLARA
apps/app_1772880978711_4909/idea.txt
apps/app_1772880978711_4909/app.html
apps/app_1772880978711_4909/marketing.txt
apps/app_1772880978711_4909/marketing/google_ads.txt
apps/app_1772880978711_4909/marketing/tiktok.txt
apps/app_1772880978711_4909/marketing/youtube.txt
apps/app_1772880978711_4909/marketing/linkedin.txt
apps/app_1772880978711_4909/marketing/pinterest.txt
apps/app_1772880978711_4909/marketing/product_hunt.txt
apps/app_1772880978711_4909/payment_config.json
apps/app_1772880978711_4909/PAYMENT_README.txt
deploy/app_1772880978711_4909/index.html
deploy/app_1772880978711_4909/app.html
deploy/app_1772880978711_4909/marketing/google_ads.txt
deploy/app_1772880978711_4909/marketing/tiktok.txt
deploy/app_1772880978711_4909/marketing/youtube.txt
deploy/app_1772880978711_4909/marketing/linkedin.txt
deploy/app_1772880978711_4909/marketing/pinterest.txt
deploy/app_1772880978711_4909/marketing/product_hunt.txt
deploy/index.html
Var API-nycklar: apps/<appId>/payment_config.json
--- End ---


--- MARKET INSPECTOR: PASS ---
"invoice generator for freelancers" → Heuristic market check suggests non-saturated niche with some opportunity.
--- End ---


--- LEGAL INSPECTOR: PASS ---
"invoice generator for freelancers" → No obvious high-risk legal/ethical issues detected.
--- End ---


--- MONEY INSPECTOR: FAIL ---
"invoice generator for freelancers" → Monetization unclear or explicitly free-only.
--- End ---


--- MARKET INSPECTOR: UNCERTAIN ---
"Meeting cost calculator" → No strong signals of either saturation or clear opportunity.
--- End ---


--- MARKET INSPECTOR: UNCERTAIN ---
"AI writing prompt generator" → No strong signals of either saturation or clear opportunity.
--- End ---


--- MARKET INSPECTOR: PASS ---
"simple todo list app" → Heuristic market check suggests non-saturated niche with some opportunity.
--- End ---


--- LEGAL INSPECTOR: PASS ---
"simple todo list app" → No obvious high-risk legal/ethical issues detected.
--- End ---


--- MONEY INSPECTOR: UNCERTAIN ---
"simple todo list app" → No explicit monetization model detected.
--- End ---


--- MARKET INSPECTOR: UNCERTAIN ---
"Netflix movie downloader" → No strong signals of either saturation or clear opportunity.
--- End ---


--- MARKET INSPECTOR: UNCERTAIN ---
"random cat fact generator" → No strong signals of either saturation or clear opportunity.
--- End ---


--- MARKET INSPECTOR: PASS ---
"invoice generator for freelancers" → Heuristic market check suggests non-saturated niche with some opportunity.
--- End ---


--- LEGAL INSPECTOR: PASS ---
"invoice generator for freelancers" → No obvious high-risk legal/ethical issues detected.
--- End ---


--- MONEY INSPECTOR: FAIL ---
"invoice generator for freelancers" → Monetization unclear or explicitly free-only.
--- End ---


--- MARKET INSPECTOR: UNCERTAIN ---
"Meeting cost calculator" → No strong signals of either saturation or clear opportunity.
--- End ---


--- LEGAL INSPECTOR: PASS ---
"Meeting cost calculator" → No obvious high-risk legal/ethical issues detected.
--- End ---


--- MONEY INSPECTOR: UNCERTAIN ---
"Meeting cost calculator" → No explicit monetization model detected.
--- End ---


--- MARKET INSPECTOR: UNCERTAIN ---
"AI writing prompt generator" → No strong signals of either saturation or clear opportunity.
--- End ---


--- LEGAL INSPECTOR: PASS ---
"AI writing prompt generator" → No obvious high-risk legal/ethical issues detected.
--- End ---


--- MONEY INSPECTOR: UNCERTAIN ---
"AI writing prompt generator" → No explicit monetization model detected.
--- End ---


--- MARKET INSPECTOR: PASS ---
"simple todo list app" → Heuristic market check suggests non-saturated niche with some opportunity.
--- End ---


--- LEGAL INSPECTOR: PASS ---
"simple todo list app" → No obvious high-risk legal/ethical issues detected.
--- End ---


--- MONEY INSPECTOR: UNCERTAIN ---
"simple todo list app" → No explicit monetization model detected.
--- End ---


--- MARKET INSPECTOR: UNCERTAIN ---
"Netflix movie downloader" → No strong signals of either saturation or clear opportunity.
--- End ---


--- LEGAL INSPECTOR: FAIL ---
"Netflix movie downloader" → Copyright violation risk
--- End ---


--- MARKET INSPECTOR: UNCERTAIN ---
"random cat fact generator" → No strong signals of either saturation or clear opportunity.
--- End ---


--- LEGAL INSPECTOR: PASS ---
"random cat fact generator" → No obvious high-risk legal/ethical issues detected.
--- End ---


--- MONEY INSPECTOR: UNCERTAIN ---
"random cat fact generator" → No explicit monetization model detected.
--- End ---


--- MARKET INSPECTOR: PASS ---
"invoice generator for freelancers" → Heuristic market check suggests non-saturated niche with some opportunity.
--- End ---


--- LEGAL INSPECTOR: PASS ---
"invoice generator for freelancers" → No obvious high-risk legal/ethical issues detected.
--- End ---


--- MONEY INSPECTOR: PASS ---
"invoice generator for freelancers" → Idea contains clear hints of a monetizable SaaS/revenue model.
--- End ---


--- MARKET INSPECTOR: UNCERTAIN ---
Idea too short to judge: "adhd focus timer"
--- End ---


--- LEGAL INSPECTOR: PASS ---
"adhd focus timer" → No obvious high-risk legal/ethical issues detected.
--- End ---


--- MONEY INSPECTOR: UNCERTAIN ---
"adhd focus timer" → Idea description too short to assess revenue model.
--- End ---


--- MARKET INSPECTOR: UNCERTAIN ---
"simple flight tracker map" → No strong signals of either saturation or clear opportunity.
--- End ---


--- LEGAL INSPECTOR: PASS ---
"simple flight tracker map" → No obvious high-risk legal/ethical issues detected.
--- End ---


--- MONEY INSPECTOR: UNCERTAIN ---
"simple flight tracker map" → No explicit monetization model detected.
--- End ---


--- MARKET INSPECTOR: UNCERTAIN ---
"minimal daily budget planner" → No strong signals of either saturation or clear opportunity.
--- End ---


--- LEGAL INSPECTOR: PASS ---
"minimal daily budget planner" → No obvious high-risk legal/ethical issues detected.
--- End ---


--- MONEY INSPECTOR: UNCERTAIN ---
"minimal daily budget planner" → No explicit monetization model detected.
--- End ---


--- MARKET INSPECTOR: UNCERTAIN ---
"youtube title generator" → No strong signals of either saturation or clear opportunity.
--- End ---


--- LEGAL INSPECTOR: PASS ---
"youtube title generator" → No obvious high-risk legal/ethical issues detected.
--- End ---


--- MONEY INSPECTOR: PASS ---
"youtube title generator" → Idea contains clear hints of a monetizable SaaS/revenue model.
--- End ---


--- MARKET INSPECTOR: UNCERTAIN ---
"random workout generator" → No strong signals of either saturation or clear opportunity.
--- End ---


--- LEGAL INSPECTOR: PASS ---
"random workout generator" → No obvious high-risk legal/ethical issues detected.
--- End ---


--- MONEY INSPECTOR: PASS ---
"random workout generator" → Idea contains clear hints of a monetizable SaaS/revenue model.
--- End ---


--- MARKET INSPECTOR: PASS ---
"habit tracker web app" → Heuristic market check suggests non-saturated niche with some opportunity.
--- End ---


--- LEGAL INSPECTOR: PASS ---
"habit tracker web app" → No obvious high-risk legal/ethical issues detected.
--- End ---


--- MONEY INSPECTOR: UNCERTAIN ---
"habit tracker web app" → No explicit monetization model detected.
--- End ---


--- MARKET INSPECTOR: UNCERTAIN ---
"markdown note editor" → No strong signals of either saturation or clear opportunity.
--- End ---


--- LEGAL INSPECTOR: PASS ---
"markdown note editor" → No obvious high-risk legal/ethical issues detected.
--- End ---


--- MONEY INSPECTOR: UNCERTAIN ---
"markdown note editor" → No explicit monetization model detected.
--- End ---


--- MARKET INSPECTOR: UNCERTAIN ---
"password generator tool" → No strong signals of either saturation or clear opportunity.
--- End ---


--- LEGAL INSPECTOR: PASS ---
"password generator tool" → No obvious high-risk legal/ethical issues detected.
--- End ---


--- MONEY INSPECTOR: PASS ---
"password generator tool" → Idea contains clear hints of a monetizable SaaS/revenue model.
--- End ---


--- MARKET INSPECTOR: UNCERTAIN ---
"simple project planner" → No strong signals of either saturation or clear opportunity.
--- End ---


--- LEGAL INSPECTOR: PASS ---
"simple project planner" → No obvious high-risk legal/ethical issues detected.
--- End ---


--- MONEY INSPECTOR: UNCERTAIN ---
"simple project planner" → No explicit monetization model detected.
--- End ---


--- MARKET INSPECTOR: UNCERTAIN ---
Idea too short to judge: "pomodoro focus tool"
--- End ---


--- LEGAL INSPECTOR: PASS ---
"pomodoro focus tool" → No obvious high-risk legal/ethical issues detected.
--- End ---


--- MONEY INSPECTOR: UNCERTAIN ---
"pomodoro focus tool" → Idea description too short to assess revenue model.
--- End ---


--- MARKET INSPECTOR: UNCERTAIN ---
Idea too short to judge: "weekly meal planner"
--- End ---


--- LEGAL INSPECTOR: PASS ---
"weekly meal planner" → No obvious high-risk legal/ethical issues detected.
--- End ---


--- MONEY INSPECTOR: UNCERTAIN ---
"weekly meal planner" → Idea description too short to assess revenue model.
--- End ---


--- MARKET INSPECTOR: UNCERTAIN ---
"seo keyword generator" → No strong signals of either saturation or clear opportunity.
--- End ---


--- LEGAL INSPECTOR: PASS ---
"seo keyword generator" → No obvious high-risk legal/ethical issues detected.
--- End ---


--- MONEY INSPECTOR: PASS ---
"seo keyword generator" → Idea contains clear hints of a monetizable SaaS/revenue model.
--- End ---


--- MARKET INSPECTOR: UNCERTAIN ---
"daily writing prompt generator" → No strong signals of either saturation or clear opportunity.
--- End ---


--- LEGAL INSPECTOR: PASS ---
"daily writing prompt generator" → No obvious high-risk legal/ethical issues detected.
--- End ---


--- MONEY INSPECTOR: PASS ---
"daily writing prompt generator" → Idea contains clear hints of a monetizable SaaS/revenue model.
--- End ---


--- MARKET INSPECTOR: PASS ---
"simple todo list app" → Heuristic market check suggests non-saturated niche with some opportunity.
--- End ---


--- LEGAL INSPECTOR: PASS ---
"simple todo list app" → No obvious high-risk legal/ethical issues detected.
--- End ---


--- MONEY INSPECTOR: UNCERTAIN ---
"simple todo list app" → No explicit monetization model detected.
--- End ---


--- MARKET INSPECTOR: UNCERTAIN ---
Idea too short to judge: "link organizer tool"
--- End ---


--- LEGAL INSPECTOR: PASS ---
"link organizer tool" → No obvious high-risk legal/ethical issues detected.
--- End ---


--- MONEY INSPECTOR: UNCERTAIN ---
"link organizer tool" → Idea description too short to assess revenue model.
--- End ---


--- MARKET INSPECTOR: UNCERTAIN ---
"reading tracker web app" → No strong signals of either saturation or clear opportunity.
--- End ---


--- LEGAL INSPECTOR: PASS ---
"reading tracker web app" → No obvious high-risk legal/ethical issues detected.
--- End ---


--- MONEY INSPECTOR: UNCERTAIN ---
"reading tracker web app" → No explicit monetization model detected.
--- End ---


--- MARKET INSPECTOR: UNCERTAIN ---
"study timer for students" → No strong signals of either saturation or clear opportunity.
--- End ---


--- LEGAL INSPECTOR: PASS ---
"study timer for students" → No obvious high-risk legal/ethical issues detected.
--- End ---


--- MONEY INSPECTOR: UNCERTAIN ---
"study timer for students" → No explicit monetization model detected.
--- End ---


--- MARKET INSPECTOR: PASS ---
"simple calendar planner" → Heuristic market check suggests non-saturated niche with some opportunity.
--- End ---


--- LEGAL INSPECTOR: PASS ---
"simple calendar planner" → No obvious high-risk legal/ethical issues detected.
--- End ---


--- MONEY INSPECTOR: UNCERTAIN ---
"simple calendar planner" → No explicit monetization model detected.
--- End ---


--- MARKET INSPECTOR: UNCERTAIN ---
"AI summarizer for long articles" → No strong signals of either saturation or clear opportunity.
--- End ---


--- LEGAL INSPECTOR: PASS ---
"AI summarizer for long articles" → No obvious high-risk legal/ethical issues detected.
--- End ---


--- MONEY INSPECTOR: UNCERTAIN ---
"AI summarizer for long articles" → No explicit monetization model detected.
--- End ---


--- MARKET INSPECTOR: UNCERTAIN ---
"Meeting cost calculator" → No strong signals of either saturation or clear opportunity.
--- End ---


--- LEGAL INSPECTOR: PASS ---
"Meeting cost calculator" → No obvious high-risk legal/ethical issues detected.
--- End ---


--- MONEY INSPECTOR: PASS ---
"Meeting cost calculator" → Idea contains clear hints of a monetizable SaaS/revenue model.
--- End ---


--- MARKET INSPECTOR: UNCERTAIN ---
"Browser-based word puzzle game" → No strong signals of either saturation or clear opportunity.
--- End ---


--- LEGAL INSPECTOR: PASS ---
"Browser-based word puzzle game" → No obvious high-risk legal/ethical issues detected.
--- End ---


--- MONEY INSPECTOR: UNCERTAIN ---
"Browser-based word puzzle game" → No explicit monetization model detected.
--- End ---


--- MARKET INSPECTOR: UNCERTAIN ---
"Micro learning quiz app" → No strong signals of either saturation or clear opportunity.
--- End ---


--- LEGAL INSPECTOR: PASS ---
"Micro learning quiz app" → No obvious high-risk legal/ethical issues detected.
--- End ---


--- MONEY INSPECTOR: UNCERTAIN ---
"Micro learning quiz app" → No explicit monetization model detected.
--- End ---


--- MARKET INSPECTOR: UNCERTAIN ---
"AI writing prompt generator" → No strong signals of either saturation or clear opportunity.
--- End ---


--- LEGAL INSPECTOR: PASS ---
"AI writing prompt generator" → No obvious high-risk legal/ethical issues detected.
--- End ---


--- MONEY INSPECTOR: PASS ---
"AI writing prompt generator" → Idea contains clear hints of a monetizable SaaS/revenue model.
--- End ---


--- MARKET INSPECTOR: PASS ---
"invoice generator for freelancers" → Heuristic market check suggests non-saturated niche with some opportunity.
--- End ---


--- LEGAL INSPECTOR: PASS ---
"invoice generator for freelancers" → No obvious high-risk legal/ethical issues detected.
--- End ---


--- MONEY INSPECTOR: PASS ---
"invoice generator for freelancers" → Idea contains clear hints of a monetizable SaaS/revenue model.
--- End ---


--- MARKET INSPECTOR: UNCERTAIN ---
Idea too short to judge: "adhd focus timer"
--- End ---


--- LEGAL INSPECTOR: PASS ---
"adhd focus timer" → No obvious high-risk legal/ethical issues detected.
--- End ---


--- MONEY INSPECTOR: UNCERTAIN ---
"adhd focus timer" → Idea description too short to assess revenue model.
--- End ---


--- MARKET INSPECTOR: UNCERTAIN ---
"simple flight tracker map" → No strong signals of either saturation or clear opportunity.
--- End ---


--- LEGAL INSPECTOR: PASS ---
"simple flight tracker map" → No obvious high-risk legal/ethical issues detected.
--- End ---


--- MONEY INSPECTOR: UNCERTAIN ---
"simple flight tracker map" → No explicit monetization model detected.
--- End ---


--- MARKET INSPECTOR: UNCERTAIN ---
"minimal daily budget planner" → No strong signals of either saturation or clear opportunity.
--- End ---


--- LEGAL INSPECTOR: PASS ---
"minimal daily budget planner" → No obvious high-risk legal/ethical issues detected.
--- End ---


--- MONEY INSPECTOR: UNCERTAIN ---
"minimal daily budget planner" → No explicit monetization model detected.
--- End ---


--- MARKET INSPECTOR: UNCERTAIN ---
"youtube title generator" → No strong signals of either saturation or clear opportunity.
--- End ---


--- LEGAL INSPECTOR: PASS ---
"youtube title generator" → No obvious high-risk legal/ethical issues detected.
--- End ---


--- MARKET INSPECTOR: UNCERTAIN ---
"Meeting cost calculator for teams" → No strong signals of either saturation or clear opportunity.
--- End ---


--- LEGAL INSPECTOR: PASS ---
"Meeting cost calculator for teams" → No obvious high-risk legal/ethical issues detected.
--- End ---


--- MONEY INSPECTOR: PASS ---
"Meeting cost calculator for teams" → Idea contains clear hints of a monetizable SaaS/revenue model.
--- End ---


--- MARKET INSPECTOR: UNCERTAIN ---
"Random meme generator" → No strong signals of either saturation or clear opportunity.
--- End ---


--- LEGAL INSPECTOR: PASS ---
"Random meme generator" → No obvious high-risk legal/ethical issues detected.
--- End ---


--- MONEY INSPECTOR: PASS ---
"Random meme generator" → Idea contains clear hints of a monetizable SaaS/revenue model.
--- End ---


--- MARKET INSPECTOR: PASS ---
"invoice generator for freelancers" → Heuristic market check suggests non-saturated niche with some opportunity.
--- End ---


--- LEGAL INSPECTOR: PASS ---
"invoice generator for freelancers" → No obvious high-risk legal/ethical issues detected.
--- End ---


--- MONEY INSPECTOR: PASS ---
"invoice generator for freelancers" → Idea contains clear hints of a monetizable SaaS/revenue model.
--- End ---

